<?xml version="1.0" encoding="UTF-8"?>
<!-- Generated by org.testng.reporters.JUnitXMLReporter -->
<testsuite hostname="PC-20190429PFOY" ignored="0" name="Test" tests="14" failures="3" timestamp="08 二月 2020 15:30:33 GMT" time="64.289" errors="0">
  <testcase name="f" time="3.163" classname="com.testing.runner.dataDriven"/>
  <testcase name="f" time="0.677" classname="com.testing.runner.dataDriven"/>
  <testcase name="f" time="0.165" classname="com.testing.runner.dataDriven"/>
  <testcase name="f" time="10.838" classname="com.testing.runner.dataDriven">
    <skipped/>
  </testcase> <!-- f -->
  <testcase name="f" time="10.898" classname="com.testing.runner.dataDriven">
    <skipped/>
  </testcase> <!-- f -->
  <testcase name="f" time="10.829" classname="com.testing.runner.dataDriven">
    <failure type="java.lang.AssertionError" message="expected [pass] but found [fail]">
      <![CDATA[java.lang.AssertionError: expected [pass] but found [fail]
at com.testing.runner.dataDriven.f(dataDriven.java:43)
at com.testing.runner.RunTestNG.main(RunTestNG.java:20)
... Removed 28 stack frames]]>
    </failure>
  </testcase> <!-- f -->
  <testcase name="f" time="10.426" classname="com.testing.runner.dataDriven">
    <failure type="java.lang.AssertionError" message="expected [pass] but found [fail]">
      <![CDATA[java.lang.AssertionError: expected [pass] but found [fail]
at com.testing.runner.dataDriven.f(dataDriven.java:43)
at com.testing.runner.RunTestNG.main(RunTestNG.java:20)
... Removed 28 stack frames]]>
    </failure>
  </testcase> <!-- f -->
  <testcase name="f" time="10.822" classname="com.testing.runner.dataDriven">
    <failure type="java.lang.AssertionError" message="expected [pass] but found [fail]">
      <![CDATA[java.lang.AssertionError: expected [pass] but found [fail]
at com.testing.runner.dataDriven.f(dataDriven.java:43)
at com.testing.runner.RunTestNG.main(RunTestNG.java:20)
... Removed 28 stack frames]]>
    </failure>
  </testcase> <!-- f -->
  <testcase name="f" time="0.665" classname="com.testing.runner.dataDriven"/>
  <testcase name="f" time="2.359" classname="com.testing.runner.dataDriven2"/>
  <testcase name="f" time="0.942" classname="com.testing.runner.dataDriven2"/>
  <testcase name="f" time="0.217" classname="com.testing.runner.dataDriven2"/>
  <testcase name="f" time="1.477" classname="com.testing.runner.dataDriven2"/>
  <testcase name="f" time="0.672" classname="com.testing.runner.dataDriven2"/>
</testsuite> <!-- Test -->
