<html>
<head>
<title>TestNG:  Test</title>
<link href="../testng.css" rel="stylesheet" type="text/css" />
<link href="../my-testng.css" rel="stylesheet" type="text/css" />

<style type="text/css">
.log { display: none;} 
.stack-trace { display: none;} 
</style>
<script type="text/javascript">
<!--
function flip(e) {
  current = e.style.display;
  if (current == 'block') {
    e.style.display = 'none';
    return 0;
  }
  else {
    e.style.display = 'block';
    return 1;
  }
}

function toggleBox(szDivId, elem, msg1, msg2)
{
  var res = -1;  if (document.getElementById) {
    res = flip(document.getElementById(szDivId));
  }
  else if (document.all) {
    // this is the way old msie versions work
    res = flip(document.all[szDivId]);
  }
  if(elem) {
    if(res == 0) elem.innerHTML = msg1; else elem.innerHTML = msg2;
  }

}

function toggleAllBoxes() {
  if (document.getElementsByTagName) {
    d = document.getElementsByTagName('div');
    for (i = 0; i < d.length; i++) {
      if (d[i].className == 'log') {
        flip(d[i]);
      }
    }
  }
}

// -->
</script>

</head>
<body>
<h2 align='center'>Test</h2><table border='1' align="center">
<tr>
<td>Tests passed/Failed/Skipped:</td><td>63/7/0</td>
</tr><tr>
<td>Started on:</td><td>Mon Apr 13 07:26:00 CST 2020</td>
</tr>
<tr><td>Total time:</td><td>317 seconds (317503 ms)</td>
</tr><tr>
<td>Included groups:</td><td></td>
</tr><tr>
<td>Excluded groups:</td><td></td>
</tr>
</table><p/>
<small><i>(Hover the method name to see the test class name)</i></small><p/>
<table width='100%' border='1' class='invocation-failed'>
<tr><td colspan='4' align='center'><b>FAILED TESTS</b></td></tr>
<tr><td><b>Test method</b></td>
<td width="30%"><b>Exception</b></td>
<td width="10%"><b>Time (seconds)</b></td>
<td><b>Instance</b></td>
</tr>
<tr>
<td title='com.testing.runner.WEBdataDriven2.f()'><b>f</b><br>Test class: com.testing.runner.WEBdataDriven2<br>Parameters: 6, , 租户菜单, click, //*[@ui-sref='home.tenants' and @ui-sref-active-eq='tb-active'], , , , , , </td>
<td><div><pre>java.lang.AssertionError: expected [pass] but found [fail]
	at com.testing.runner.WEBdataDriven2.f(WEBdataDriven2.java:43)
... Removed 35 stack frames</pre></div><a href='#' onClick='toggleBox("stack-trace2051535038", this, "Click to show all stack frames", "Click to hide stack frames")'>Click to show all stack frames</a>
<div class='stack-trace' id='stack-trace2051535038'><pre>java.lang.AssertionError: expected [pass] but found [fail]
	at org.testng.Assert.fail(Assert.java:96)
	at org.testng.Assert.failNotEquals(Assert.java:776)
	at org.testng.Assert.assertEqualsImpl(Assert.java:137)
	at org.testng.Assert.assertEquals(Assert.java:118)
	at org.testng.Assert.assertEquals(Assert.java:453)
	at org.testng.Assert.assertEquals(Assert.java:463)
	at com.testing.runner.WEBdataDriven2.f(WEBdataDriven2.java:43)
	at sun.reflect.NativeMethodAccessorImpl.invoke0(Native Method)
	at sun.reflect.NativeMethodAccessorImpl.invoke(NativeMethodAccessorImpl.java:62)
	at sun.reflect.DelegatingMethodAccessorImpl.invoke(DelegatingMethodAccessorImpl.java:43)
	at java.lang.reflect.Method.invoke(Method.java:497)
	at org.testng.internal.MethodInvocationHelper.invokeMethod(MethodInvocationHelper.java:124)
	at org.testng.internal.Invoker.invokeMethod(Invoker.java:583)
	at org.testng.internal.Invoker.invokeTestMethod(Invoker.java:719)
	at org.testng.internal.Invoker.invokeTestMethods(Invoker.java:989)
	at org.testng.internal.TestMethodWorker.invokeTestMethods(TestMethodWorker.java:125)
	at org.testng.internal.TestMethodWorker.run(TestMethodWorker.java:109)
	at org.testng.TestRunner.privateRun(TestRunner.java:648)
	at org.testng.TestRunner.run(TestRunner.java:505)
	at org.testng.SuiteRunner.runTest(SuiteRunner.java:455)
	at org.testng.SuiteRunner.runSequentially(SuiteRunner.java:450)
	at org.testng.SuiteRunner.privateRun(SuiteRunner.java:415)
	at org.testng.SuiteRunner.run(SuiteRunner.java:364)
	at org.testng.SuiteRunnerWorker.runSuite(SuiteRunnerWorker.java:52)
	at org.testng.SuiteRunnerWorker.run(SuiteRunnerWorker.java:84)
	at org.testng.TestNG.runSuitesSequentially(TestNG.java:1208)
	at org.testng.TestNG.runSuitesLocally(TestNG.java:1137)
	at org.testng.TestNG.runSuites(TestNG.java:1049)
	at org.testng.TestNG.run(TestNG.java:1017)
	at org.apache.maven.surefire.testng.TestNGExecutor.run(TestNGExecutor.java:283)
	at org.apache.maven.surefire.testng.TestNGXmlTestSuite.execute(TestNGXmlTestSuite.java:75)
	at org.apache.maven.surefire.testng.TestNGProvider.invoke(TestNGProvider.java:120)
	at org.apache.maven.surefire.booter.ForkedBooter.invokeProviderInSameClassLoader(ForkedBooter.java:384)
	at org.apache.maven.surefire.booter.ForkedBooter.runSuitesInProcess(ForkedBooter.java:345)
	at org.apache.maven.surefire.booter.ForkedBooter.execute(ForkedBooter.java:126)
	at org.apache.maven.surefire.booter.ForkedBooter.main(ForkedBooter.java:418)
</pre></div></td>
<td>31</td>
<td>com.testing.runner.WEBdataDriven2@3bde62ff</td></tr>
<tr>
<td title='com.testing.runner.WEBdataDriven3.f()'><b>f</b><br>Test class: com.testing.runner.WEBdataDriven3<br>Parameters: 17, , 点击分配, click, //*[contains(text(),'新增直连设备寂寞')]/../../../../descendant::div[@aria-label='分配'], , , , , , </td>
<td><div><pre>java.lang.AssertionError: expected [pass] but found [fail]
	at com.testing.runner.WEBdataDriven3.f(WEBdataDriven3.java:43)
... Removed 34 stack frames</pre></div><a href='#' onClick='toggleBox("stack-trace1699491713", this, "Click to show all stack frames", "Click to hide stack frames")'>Click to show all stack frames</a>
<div class='stack-trace' id='stack-trace1699491713'><pre>java.lang.AssertionError: expected [pass] but found [fail]
	at org.testng.Assert.fail(Assert.java:96)
	at org.testng.Assert.failNotEquals(Assert.java:776)
	at org.testng.Assert.assertEqualsImpl(Assert.java:137)
	at org.testng.Assert.assertEquals(Assert.java:118)
	at org.testng.Assert.assertEquals(Assert.java:453)
	at org.testng.Assert.assertEquals(Assert.java:463)
	at com.testing.runner.WEBdataDriven3.f(WEBdataDriven3.java:43)
	at sun.reflect.GeneratedMethodAccessor32.invoke(Unknown Source)
	at sun.reflect.DelegatingMethodAccessorImpl.invoke(DelegatingMethodAccessorImpl.java:43)
	at java.lang.reflect.Method.invoke(Method.java:497)
	at org.testng.internal.MethodInvocationHelper.invokeMethod(MethodInvocationHelper.java:124)
	at org.testng.internal.Invoker.invokeMethod(Invoker.java:583)
	at org.testng.internal.Invoker.invokeTestMethod(Invoker.java:719)
	at org.testng.internal.Invoker.invokeTestMethods(Invoker.java:989)
	at org.testng.internal.TestMethodWorker.invokeTestMethods(TestMethodWorker.java:125)
	at org.testng.internal.TestMethodWorker.run(TestMethodWorker.java:109)
	at org.testng.TestRunner.privateRun(TestRunner.java:648)
	at org.testng.TestRunner.run(TestRunner.java:505)
	at org.testng.SuiteRunner.runTest(SuiteRunner.java:455)
	at org.testng.SuiteRunner.runSequentially(SuiteRunner.java:450)
	at org.testng.SuiteRunner.privateRun(SuiteRunner.java:415)
	at org.testng.SuiteRunner.run(SuiteRunner.java:364)
	at org.testng.SuiteRunnerWorker.runSuite(SuiteRunnerWorker.java:52)
	at org.testng.SuiteRunnerWorker.run(SuiteRunnerWorker.java:84)
	at org.testng.TestNG.runSuitesSequentially(TestNG.java:1208)
	at org.testng.TestNG.runSuitesLocally(TestNG.java:1137)
	at org.testng.TestNG.runSuites(TestNG.java:1049)
	at org.testng.TestNG.run(TestNG.java:1017)
	at org.apache.maven.surefire.testng.TestNGExecutor.run(TestNGExecutor.java:283)
	at org.apache.maven.surefire.testng.TestNGXmlTestSuite.execute(TestNGXmlTestSuite.java:75)
	at org.apache.maven.surefire.testng.TestNGProvider.invoke(TestNGProvider.java:120)
	at org.apache.maven.surefire.booter.ForkedBooter.invokeProviderInSameClassLoader(ForkedBooter.java:384)
	at org.apache.maven.surefire.booter.ForkedBooter.runSuitesInProcess(ForkedBooter.java:345)
	at org.apache.maven.surefire.booter.ForkedBooter.execute(ForkedBooter.java:126)
	at org.apache.maven.surefire.booter.ForkedBooter.main(ForkedBooter.java:418)
</pre></div></td>
<td>31</td>
<td>com.testing.runner.WEBdataDriven3@523424b5</td></tr>
<tr>
<td title='com.testing.runner.WEBdataDriven3.f()'><b>f</b><br>Test class: com.testing.runner.WEBdataDriven3<br>Parameters: 18, , 点击检索条件, click, //*[@placeholder='输入检索条件'], , , , , , </td>
<td><div><pre>java.lang.AssertionError: expected [pass] but found [fail]
	at com.testing.runner.WEBdataDriven3.f(WEBdataDriven3.java:43)
... Removed 34 stack frames</pre></div><a href='#' onClick='toggleBox("stack-trace888293905", this, "Click to show all stack frames", "Click to hide stack frames")'>Click to show all stack frames</a>
<div class='stack-trace' id='stack-trace888293905'><pre>java.lang.AssertionError: expected [pass] but found [fail]
	at org.testng.Assert.fail(Assert.java:96)
	at org.testng.Assert.failNotEquals(Assert.java:776)
	at org.testng.Assert.assertEqualsImpl(Assert.java:137)
	at org.testng.Assert.assertEquals(Assert.java:118)
	at org.testng.Assert.assertEquals(Assert.java:453)
	at org.testng.Assert.assertEquals(Assert.java:463)
	at com.testing.runner.WEBdataDriven3.f(WEBdataDriven3.java:43)
	at sun.reflect.GeneratedMethodAccessor32.invoke(Unknown Source)
	at sun.reflect.DelegatingMethodAccessorImpl.invoke(DelegatingMethodAccessorImpl.java:43)
	at java.lang.reflect.Method.invoke(Method.java:497)
	at org.testng.internal.MethodInvocationHelper.invokeMethod(MethodInvocationHelper.java:124)
	at org.testng.internal.Invoker.invokeMethod(Invoker.java:583)
	at org.testng.internal.Invoker.invokeTestMethod(Invoker.java:719)
	at org.testng.internal.Invoker.invokeTestMethods(Invoker.java:989)
	at org.testng.internal.TestMethodWorker.invokeTestMethods(TestMethodWorker.java:125)
	at org.testng.internal.TestMethodWorker.run(TestMethodWorker.java:109)
	at org.testng.TestRunner.privateRun(TestRunner.java:648)
	at org.testng.TestRunner.run(TestRunner.java:505)
	at org.testng.SuiteRunner.runTest(SuiteRunner.java:455)
	at org.testng.SuiteRunner.runSequentially(SuiteRunner.java:450)
	at org.testng.SuiteRunner.privateRun(SuiteRunner.java:415)
	at org.testng.SuiteRunner.run(SuiteRunner.java:364)
	at org.testng.SuiteRunnerWorker.runSuite(SuiteRunnerWorker.java:52)
	at org.testng.SuiteRunnerWorker.run(SuiteRunnerWorker.java:84)
	at org.testng.TestNG.runSuitesSequentially(TestNG.java:1208)
	at org.testng.TestNG.runSuitesLocally(TestNG.java:1137)
	at org.testng.TestNG.runSuites(TestNG.java:1049)
	at org.testng.TestNG.run(TestNG.java:1017)
	at org.apache.maven.surefire.testng.TestNGExecutor.run(TestNGExecutor.java:283)
	at org.apache.maven.surefire.testng.TestNGXmlTestSuite.execute(TestNGXmlTestSuite.java:75)
	at org.apache.maven.surefire.testng.TestNGProvider.invoke(TestNGProvider.java:120)
	at org.apache.maven.surefire.booter.ForkedBooter.invokeProviderInSameClassLoader(ForkedBooter.java:384)
	at org.apache.maven.surefire.booter.ForkedBooter.runSuitesInProcess(ForkedBooter.java:345)
	at org.apache.maven.surefire.booter.ForkedBooter.execute(ForkedBooter.java:126)
	at org.apache.maven.surefire.booter.ForkedBooter.main(ForkedBooter.java:418)
</pre></div></td>
<td>31</td>
<td>com.testing.runner.WEBdataDriven3@523424b5</td></tr>
<tr>
<td title='com.testing.runner.WEBdataDriven3.f()'><b>f</b><br>Test class: com.testing.runner.WEBdataDriven3<br>Parameters: 19, , 输入检索内容, input, //*[@placeholder='输入检索条件'], common-api, , , , , </td>
<td><div><pre>java.lang.AssertionError: expected [pass] but found [fail]
	at com.testing.runner.WEBdataDriven3.f(WEBdataDriven3.java:43)
... Removed 34 stack frames</pre></div><a href='#' onClick='toggleBox("stack-trace1866476009", this, "Click to show all stack frames", "Click to hide stack frames")'>Click to show all stack frames</a>
<div class='stack-trace' id='stack-trace1866476009'><pre>java.lang.AssertionError: expected [pass] but found [fail]
	at org.testng.Assert.fail(Assert.java:96)
	at org.testng.Assert.failNotEquals(Assert.java:776)
	at org.testng.Assert.assertEqualsImpl(Assert.java:137)
	at org.testng.Assert.assertEquals(Assert.java:118)
	at org.testng.Assert.assertEquals(Assert.java:453)
	at org.testng.Assert.assertEquals(Assert.java:463)
	at com.testing.runner.WEBdataDriven3.f(WEBdataDriven3.java:43)
	at sun.reflect.GeneratedMethodAccessor32.invoke(Unknown Source)
	at sun.reflect.DelegatingMethodAccessorImpl.invoke(DelegatingMethodAccessorImpl.java:43)
	at java.lang.reflect.Method.invoke(Method.java:497)
	at org.testng.internal.MethodInvocationHelper.invokeMethod(MethodInvocationHelper.java:124)
	at org.testng.internal.Invoker.invokeMethod(Invoker.java:583)
	at org.testng.internal.Invoker.invokeTestMethod(Invoker.java:719)
	at org.testng.internal.Invoker.invokeTestMethods(Invoker.java:989)
	at org.testng.internal.TestMethodWorker.invokeTestMethods(TestMethodWorker.java:125)
	at org.testng.internal.TestMethodWorker.run(TestMethodWorker.java:109)
	at org.testng.TestRunner.privateRun(TestRunner.java:648)
	at org.testng.TestRunner.run(TestRunner.java:505)
	at org.testng.SuiteRunner.runTest(SuiteRunner.java:455)
	at org.testng.SuiteRunner.runSequentially(SuiteRunner.java:450)
	at org.testng.SuiteRunner.privateRun(SuiteRunner.java:415)
	at org.testng.SuiteRunner.run(SuiteRunner.java:364)
	at org.testng.SuiteRunnerWorker.runSuite(SuiteRunnerWorker.java:52)
	at org.testng.SuiteRunnerWorker.run(SuiteRunnerWorker.java:84)
	at org.testng.TestNG.runSuitesSequentially(TestNG.java:1208)
	at org.testng.TestNG.runSuitesLocally(TestNG.java:1137)
	at org.testng.TestNG.runSuites(TestNG.java:1049)
	at org.testng.TestNG.run(TestNG.java:1017)
	at org.apache.maven.surefire.testng.TestNGExecutor.run(TestNGExecutor.java:283)
	at org.apache.maven.surefire.testng.TestNGXmlTestSuite.execute(TestNGXmlTestSuite.java:75)
	at org.apache.maven.surefire.testng.TestNGProvider.invoke(TestNGProvider.java:120)
	at org.apache.maven.surefire.booter.ForkedBooter.invokeProviderInSameClassLoader(ForkedBooter.java:384)
	at org.apache.maven.surefire.booter.ForkedBooter.runSuitesInProcess(ForkedBooter.java:345)
	at org.apache.maven.surefire.booter.ForkedBooter.execute(ForkedBooter.java:126)
	at org.apache.maven.surefire.booter.ForkedBooter.main(ForkedBooter.java:418)
</pre></div></td>
<td>31</td>
<td>com.testing.runner.WEBdataDriven3@523424b5</td></tr>
<tr>
<td title='com.testing.runner.WEBdataDriven3.f()'><b>f</b><br>Test class: com.testing.runner.WEBdataDriven3<br>Parameters: 20, , 点击检索结果, click, //*[@aria-label='选择']/following-sibling::span[contains(text(),' common-api(勿删) ')], , , , , , </td>
<td><div><pre>java.lang.AssertionError: expected [pass] but found [fail]
	at com.testing.runner.WEBdataDriven3.f(WEBdataDriven3.java:43)
... Removed 34 stack frames</pre></div><a href='#' onClick='toggleBox("stack-trace2113229982", this, "Click to show all stack frames", "Click to hide stack frames")'>Click to show all stack frames</a>
<div class='stack-trace' id='stack-trace2113229982'><pre>java.lang.AssertionError: expected [pass] but found [fail]
	at org.testng.Assert.fail(Assert.java:96)
	at org.testng.Assert.failNotEquals(Assert.java:776)
	at org.testng.Assert.assertEqualsImpl(Assert.java:137)
	at org.testng.Assert.assertEquals(Assert.java:118)
	at org.testng.Assert.assertEquals(Assert.java:453)
	at org.testng.Assert.assertEquals(Assert.java:463)
	at com.testing.runner.WEBdataDriven3.f(WEBdataDriven3.java:43)
	at sun.reflect.GeneratedMethodAccessor32.invoke(Unknown Source)
	at sun.reflect.DelegatingMethodAccessorImpl.invoke(DelegatingMethodAccessorImpl.java:43)
	at java.lang.reflect.Method.invoke(Method.java:497)
	at org.testng.internal.MethodInvocationHelper.invokeMethod(MethodInvocationHelper.java:124)
	at org.testng.internal.Invoker.invokeMethod(Invoker.java:583)
	at org.testng.internal.Invoker.invokeTestMethod(Invoker.java:719)
	at org.testng.internal.Invoker.invokeTestMethods(Invoker.java:989)
	at org.testng.internal.TestMethodWorker.invokeTestMethods(TestMethodWorker.java:125)
	at org.testng.internal.TestMethodWorker.run(TestMethodWorker.java:109)
	at org.testng.TestRunner.privateRun(TestRunner.java:648)
	at org.testng.TestRunner.run(TestRunner.java:505)
	at org.testng.SuiteRunner.runTest(SuiteRunner.java:455)
	at org.testng.SuiteRunner.runSequentially(SuiteRunner.java:450)
	at org.testng.SuiteRunner.privateRun(SuiteRunner.java:415)
	at org.testng.SuiteRunner.run(SuiteRunner.java:364)
	at org.testng.SuiteRunnerWorker.runSuite(SuiteRunnerWorker.java:52)
	at org.testng.SuiteRunnerWorker.run(SuiteRunnerWorker.java:84)
	at org.testng.TestNG.runSuitesSequentially(TestNG.java:1208)
	at org.testng.TestNG.runSuitesLocally(TestNG.java:1137)
	at org.testng.TestNG.runSuites(TestNG.java:1049)
	at org.testng.TestNG.run(TestNG.java:1017)
	at org.apache.maven.surefire.testng.TestNGExecutor.run(TestNGExecutor.java:283)
	at org.apache.maven.surefire.testng.TestNGXmlTestSuite.execute(TestNGXmlTestSuite.java:75)
	at org.apache.maven.surefire.testng.TestNGProvider.invoke(TestNGProvider.java:120)
	at org.apache.maven.surefire.booter.ForkedBooter.invokeProviderInSameClassLoader(ForkedBooter.java:384)
	at org.apache.maven.surefire.booter.ForkedBooter.runSuitesInProcess(ForkedBooter.java:345)
	at org.apache.maven.surefire.booter.ForkedBooter.execute(ForkedBooter.java:126)
	at org.apache.maven.surefire.booter.ForkedBooter.main(ForkedBooter.java:418)
</pre></div></td>
<td>31</td>
<td>com.testing.runner.WEBdataDriven3@523424b5</td></tr>
<tr>
<td title='com.testing.runner.WEBdataDriven3.f()'><b>f</b><br>Test class: com.testing.runner.WEBdataDriven3<br>Parameters: 22, , 点击删除, click, //*[contains(text(),'新增直连设备寂寞')]/../../../../descendant::div[@aria-label='删除'], , , , , , </td>
<td><div><pre>java.lang.AssertionError: expected [pass] but found [fail]
	at com.testing.runner.WEBdataDriven3.f(WEBdataDriven3.java:43)
... Removed 34 stack frames</pre></div><a href='#' onClick='toggleBox("stack-trace1256871900", this, "Click to show all stack frames", "Click to hide stack frames")'>Click to show all stack frames</a>
<div class='stack-trace' id='stack-trace1256871900'><pre>java.lang.AssertionError: expected [pass] but found [fail]
	at org.testng.Assert.fail(Assert.java:96)
	at org.testng.Assert.failNotEquals(Assert.java:776)
	at org.testng.Assert.assertEqualsImpl(Assert.java:137)
	at org.testng.Assert.assertEquals(Assert.java:118)
	at org.testng.Assert.assertEquals(Assert.java:453)
	at org.testng.Assert.assertEquals(Assert.java:463)
	at com.testing.runner.WEBdataDriven3.f(WEBdataDriven3.java:43)
	at sun.reflect.GeneratedMethodAccessor32.invoke(Unknown Source)
	at sun.reflect.DelegatingMethodAccessorImpl.invoke(DelegatingMethodAccessorImpl.java:43)
	at java.lang.reflect.Method.invoke(Method.java:497)
	at org.testng.internal.MethodInvocationHelper.invokeMethod(MethodInvocationHelper.java:124)
	at org.testng.internal.Invoker.invokeMethod(Invoker.java:583)
	at org.testng.internal.Invoker.invokeTestMethod(Invoker.java:719)
	at org.testng.internal.Invoker.invokeTestMethods(Invoker.java:989)
	at org.testng.internal.TestMethodWorker.invokeTestMethods(TestMethodWorker.java:125)
	at org.testng.internal.TestMethodWorker.run(TestMethodWorker.java:109)
	at org.testng.TestRunner.privateRun(TestRunner.java:648)
	at org.testng.TestRunner.run(TestRunner.java:505)
	at org.testng.SuiteRunner.runTest(SuiteRunner.java:455)
	at org.testng.SuiteRunner.runSequentially(SuiteRunner.java:450)
	at org.testng.SuiteRunner.privateRun(SuiteRunner.java:415)
	at org.testng.SuiteRunner.run(SuiteRunner.java:364)
	at org.testng.SuiteRunnerWorker.runSuite(SuiteRunnerWorker.java:52)
	at org.testng.SuiteRunnerWorker.run(SuiteRunnerWorker.java:84)
	at org.testng.TestNG.runSuitesSequentially(TestNG.java:1208)
	at org.testng.TestNG.runSuitesLocally(TestNG.java:1137)
	at org.testng.TestNG.runSuites(TestNG.java:1049)
	at org.testng.TestNG.run(TestNG.java:1017)
	at org.apache.maven.surefire.testng.TestNGExecutor.run(TestNGExecutor.java:283)
	at org.apache.maven.surefire.testng.TestNGXmlTestSuite.execute(TestNGXmlTestSuite.java:75)
	at org.apache.maven.surefire.testng.TestNGProvider.invoke(TestNGProvider.java:120)
	at org.apache.maven.surefire.booter.ForkedBooter.invokeProviderInSameClassLoader(ForkedBooter.java:384)
	at org.apache.maven.surefire.booter.ForkedBooter.runSuitesInProcess(ForkedBooter.java:345)
	at org.apache.maven.surefire.booter.ForkedBooter.execute(ForkedBooter.java:126)
	at org.apache.maven.surefire.booter.ForkedBooter.main(ForkedBooter.java:418)
</pre></div></td>
<td>31</td>
<td>com.testing.runner.WEBdataDriven3@523424b5</td></tr>
<tr>
<td title='com.testing.runner.WEBdataDriven3.f()'><b>f</b><br>Test class: com.testing.runner.WEBdataDriven3<br>Parameters: 23, , 点击是, click, //*[@type='button']/span[contains(text(),'是')], , , , , , </td>
<td><div><pre>java.lang.AssertionError: expected [pass] but found [fail]
	at com.testing.runner.WEBdataDriven3.f(WEBdataDriven3.java:43)
... Removed 34 stack frames</pre></div><a href='#' onClick='toggleBox("stack-trace181211485", this, "Click to show all stack frames", "Click to hide stack frames")'>Click to show all stack frames</a>
<div class='stack-trace' id='stack-trace181211485'><pre>java.lang.AssertionError: expected [pass] but found [fail]
	at org.testng.Assert.fail(Assert.java:96)
	at org.testng.Assert.failNotEquals(Assert.java:776)
	at org.testng.Assert.assertEqualsImpl(Assert.java:137)
	at org.testng.Assert.assertEquals(Assert.java:118)
	at org.testng.Assert.assertEquals(Assert.java:453)
	at org.testng.Assert.assertEquals(Assert.java:463)
	at com.testing.runner.WEBdataDriven3.f(WEBdataDriven3.java:43)
	at sun.reflect.GeneratedMethodAccessor32.invoke(Unknown Source)
	at sun.reflect.DelegatingMethodAccessorImpl.invoke(DelegatingMethodAccessorImpl.java:43)
	at java.lang.reflect.Method.invoke(Method.java:497)
	at org.testng.internal.MethodInvocationHelper.invokeMethod(MethodInvocationHelper.java:124)
	at org.testng.internal.Invoker.invokeMethod(Invoker.java:583)
	at org.testng.internal.Invoker.invokeTestMethod(Invoker.java:719)
	at org.testng.internal.Invoker.invokeTestMethods(Invoker.java:989)
	at org.testng.internal.TestMethodWorker.invokeTestMethods(TestMethodWorker.java:125)
	at org.testng.internal.TestMethodWorker.run(TestMethodWorker.java:109)
	at org.testng.TestRunner.privateRun(TestRunner.java:648)
	at org.testng.TestRunner.run(TestRunner.java:505)
	at org.testng.SuiteRunner.runTest(SuiteRunner.java:455)
	at org.testng.SuiteRunner.runSequentially(SuiteRunner.java:450)
	at org.testng.SuiteRunner.privateRun(SuiteRunner.java:415)
	at org.testng.SuiteRunner.run(SuiteRunner.java:364)
	at org.testng.SuiteRunnerWorker.runSuite(SuiteRunnerWorker.java:52)
	at org.testng.SuiteRunnerWorker.run(SuiteRunnerWorker.java:84)
	at org.testng.TestNG.runSuitesSequentially(TestNG.java:1208)
	at org.testng.TestNG.runSuitesLocally(TestNG.java:1137)
	at org.testng.TestNG.runSuites(TestNG.java:1049)
	at org.testng.TestNG.run(TestNG.java:1017)
	at org.apache.maven.surefire.testng.TestNGExecutor.run(TestNGExecutor.java:283)
	at org.apache.maven.surefire.testng.TestNGXmlTestSuite.execute(TestNGXmlTestSuite.java:75)
	at org.apache.maven.surefire.testng.TestNGProvider.invoke(TestNGProvider.java:120)
	at org.apache.maven.surefire.booter.ForkedBooter.invokeProviderInSameClassLoader(ForkedBooter.java:384)
	at org.apache.maven.surefire.booter.ForkedBooter.runSuitesInProcess(ForkedBooter.java:345)
	at org.apache.maven.surefire.booter.ForkedBooter.execute(ForkedBooter.java:126)
	at org.apache.maven.surefire.booter.ForkedBooter.main(ForkedBooter.java:418)
</pre></div></td>
<td>31</td>
<td>com.testing.runner.WEBdataDriven3@523424b5</td></tr>
</table><p>
<table width='100%' border='1' class='invocation-passed'>
<tr><td colspan='4' align='center'><b>PASSED TESTS</b></td></tr>
<tr><td><b>Test method</b></td>
<td width="30%"><b>Exception</b></td>
<td width="10%"><b>Time (seconds)</b></td>
<td><b>Instance</b></td>
</tr>
<tr>
<td title='com.testing.runner.WEBdataDriven.f()'><b>f</b><br>Test class: com.testing.runner.WEBdataDriven<br>Parameters: 1, , 打开浏览器, openBrowser, chrome, , , , , , </td>
<td></td>
<td>5</td>
<td>com.testing.runner.WEBdataDriven@a1217f9</td></tr>
<tr>
<td title='com.testing.runner.WEBdataDriven.f()'><b>f</b><br>Test class: com.testing.runner.WEBdataDriven<br>Parameters: 2, , 访问basic, visitWeb, http://test-cc.chintcloud.net/, , , , , , </td>
<td></td>
<td>2</td>
<td>com.testing.runner.WEBdataDriven@a1217f9</td></tr>
<tr>
<td title='com.testing.runner.WEBdataDriven.f()'><b>f</b><br>Test class: com.testing.runner.WEBdataDriven<br>Parameters: 3, , 输入用户名, input, //input[@id='username-input'], common-api@chint.com, , , , , </td>
<td></td>
<td>1</td>
<td>com.testing.runner.WEBdataDriven@a1217f9</td></tr>
<tr>
<td title='com.testing.runner.WEBdataDriven.f()'><b>f</b><br>Test class: com.testing.runner.WEBdataDriven<br>Parameters: 4, , 输入密码, input, //input[@id='password-input'], common-api, , , , , </td>
<td></td>
<td>1</td>
<td>com.testing.runner.WEBdataDriven@a1217f9</td></tr>
<tr>
<td title='com.testing.runner.WEBdataDriven.f()'><b>f</b><br>Test class: com.testing.runner.WEBdataDriven<br>Parameters: 5, , 登陆, click, //*[@class='md-raised md-button md-tb-dark-theme md-ink-ripple'], , , , , , </td>
<td></td>
<td>1</td>
<td>com.testing.runner.WEBdataDriven@a1217f9</td></tr>
<tr>
<td title='com.testing.runner.WEBdataDriven.f()'><b>f</b><br>Test class: com.testing.runner.WEBdataDriven<br>Parameters: 6, , 点击产品管理, click, //*[contains(text(),'产品管理')], , , , , , </td>
<td></td>
<td>1</td>
<td>com.testing.runner.WEBdataDriven@a1217f9</td></tr>
<tr>
<td title='com.testing.runner.WEBdataDriven.f()'><b>f</b><br>Test class: com.testing.runner.WEBdataDriven<br>Parameters: 7, , 点击新增产品, click, //*[@aria-haspopup='true']/button, , , , , , </td>
<td></td>
<td>1</td>
<td>com.testing.runner.WEBdataDriven@a1217f9</td></tr>
<tr>
<td title='com.testing.runner.WEBdataDriven.f()'><b>f</b><br>Test class: com.testing.runner.WEBdataDriven<br>Parameters: 8, , 创建新的产品, runJsClick, //ng-md-icon[@icon='insert_drive_file'], , , , , , </td>
<td></td>
<td>1</td>
<td>com.testing.runner.WEBdataDriven@a1217f9</td></tr>
<tr>
<td title='com.testing.runner.WEBdataDriven.f()'><b>f</b><br>Test class: com.testing.runner.WEBdataDriven<br>Parameters: 9, , 输入产品名字, input, //input[@name='title' and @ng-model='tenant.productName'], 新增产品名字useRandom, , , , , </td>
<td></td>
<td>1</td>
<td>com.testing.runner.WEBdataDriven@a1217f9</td></tr>
<tr>
<td title='com.testing.runner.WEBdataDriven.f()'><b>f</b><br>Test class: com.testing.runner.WEBdataDriven<br>Parameters: 10, , 点击所属产品分类, click, //*[contains(text(),'所属产品分类')], , , , , , </td>
<td></td>
<td>1</td>
<td>com.testing.runner.WEBdataDriven@a1217f9</td></tr>
<tr>
<td title='com.testing.runner.WEBdataDriven.f()'><b>f</b><br>Test class: com.testing.runner.WEBdataDriven<br>Parameters: 11, , 选择所属产品, click, //a[contains(text(),'ronnie专用误删')], , , , , , </td>
<td></td>
<td>1</td>
<td>com.testing.runner.WEBdataDriven@a1217f9</td></tr>
<tr>
<td title='com.testing.runner.WEBdataDriven.f()'><b>f</b><br>Test class: com.testing.runner.WEBdataDriven<br>Parameters: 12, , 输入产品型号, input, //*[contains(text(),'产品型号')]/../input, SN2020useRandom, , , , , </td>
<td></td>
<td>1</td>
<td>com.testing.runner.WEBdataDriven@a1217f9</td></tr>
<tr>
<td title='com.testing.runner.WEBdataDriven.f()'><b>f</b><br>Test class: com.testing.runner.WEBdataDriven<br>Parameters: 13, , 点击网关, runJsClick, //span[contains(text(),'网关')], , , , , , </td>
<td></td>
<td>1</td>
<td>com.testing.runner.WEBdataDriven@a1217f9</td></tr>
<tr>
<td title='com.testing.runner.WEBdataDriven.f()'><b>f</b><br>Test class: com.testing.runner.WEBdataDriven<br>Parameters: 14, , 点击编码格式下拉, click, //*[@aria-label='编码格式'], , , , , , </td>
<td></td>
<td>1</td>
<td>com.testing.runner.WEBdataDriven@a1217f9</td></tr>
<tr>
<td title='com.testing.runner.WEBdataDriven.f()'><b>f</b><br>Test class: com.testing.runner.WEBdataDriven<br>Parameters: 15, , 选择编码格式, click, //*[@value='GB2312'], , , , , , </td>
<td></td>
<td>1</td>
<td>com.testing.runner.WEBdataDriven@a1217f9</td></tr>
<tr>
<td title='com.testing.runner.WEBdataDriven.f()'><b>f</b><br>Test class: com.testing.runner.WEBdataDriven<br>Parameters: 16, , 点击接入协议下拉, click, //*[@aria-label='接入协议'], , , , , , </td>
<td></td>
<td>1</td>
<td>com.testing.runner.WEBdataDriven@a1217f9</td></tr>
<tr>
<td title='com.testing.runner.WEBdataDriven.f()'><b>f</b><br>Test class: com.testing.runner.WEBdataDriven<br>Parameters: 17, , 选择接入协议, click, //*[@value='MQTT'], , , , , , </td>
<td></td>
<td>1</td>
<td>com.testing.runner.WEBdataDriven@a1217f9</td></tr>
<tr>
<td title='com.testing.runner.WEBdataDriven.f()'><b>f</b><br>Test class: com.testing.runner.WEBdataDriven<br>Parameters: 18, , 点击密码类型, click, //*[@value='一机一密'], , , , , , </td>
<td></td>
<td>1</td>
<td>com.testing.runner.WEBdataDriven@a1217f9</td></tr>
<tr>
<td title='com.testing.runner.WEBdataDriven.f()'><b>f</b><br>Test class: com.testing.runner.WEBdataDriven<br>Parameters: 19, , 点击添加, click, //*[@class='ng-binding ng-scope' and contains(text(),'添加')], , , , , , </td>
<td></td>
<td>1</td>
<td>com.testing.runner.WEBdataDriven@a1217f9</td></tr>
<tr>
<td title='com.testing.runner.WEBdataDriven.f()'><b>f</b><br>Test class: com.testing.runner.WEBdataDriven<br>Parameters: 20, , 点击添加测点, click, //*[contains(text(),'{新增产品名字useRandom}')]/../descendant::md-icon[@aria-label='添加测点']/.., , , , , , </td>
<td></td>
<td>1</td>
<td>com.testing.runner.WEBdataDriven@a1217f9</td></tr>
<tr>
<td title='com.testing.runner.WEBdataDriven.f()'><b>f</b><br>Test class: com.testing.runner.WEBdataDriven<br>Parameters: 21, , 等待1秒, halt, 1, , , , , , </td>
<td></td>
<td>1</td>
<td>com.testing.runner.WEBdataDriven@a1217f9</td></tr>
<tr>
<td title='com.testing.runner.WEBdataDriven.f()'><b>f</b><br>Test class: com.testing.runner.WEBdataDriven<br>Parameters: 22, , 请选择类别标识, pressEnter, //*[@aria-label='请选择类别标识'], , , , , , </td>
<td></td>
<td>1</td>
<td>com.testing.runner.WEBdataDriven@a1217f9</td></tr>
<tr>
<td title='com.testing.runner.WEBdataDriven.f()'><b>f</b><br>Test class: com.testing.runner.WEBdataDriven<br>Parameters: 23, , 输入测点名称, input, //*[@aria-label='请选择类别标识'], ronnie测点专用勿删, , , , , </td>
<td></td>
<td>1</td>
<td>com.testing.runner.WEBdataDriven@a1217f9</td></tr>
<tr>
<td title='com.testing.runner.WEBdataDriven.f()'><b>f</b><br>Test class: com.testing.runner.WEBdataDriven<br>Parameters: 24, , 测点, click, //span[contains(text(),'ronnie测点专用勿删')], , , , , , </td>
<td></td>
<td>1</td>
<td>com.testing.runner.WEBdataDriven@a1217f9</td></tr>
<tr>
<td title='com.testing.runner.WEBdataDriven.f()'><b>f</b><br>Test class: com.testing.runner.WEBdataDriven<br>Parameters: 25, , 功能标识, pressEnter, //*[@aria-label='请选择功能标识'], , , , , , </td>
<td></td>
<td>1</td>
<td>com.testing.runner.WEBdataDriven@a1217f9</td></tr>
<tr>
<td title='com.testing.runner.WEBdataDriven.f()'><b>f</b><br>Test class: com.testing.runner.WEBdataDriven<br>Parameters: 26, , 智能电表, click, //*[contains(text(),'ronnie智能电表')], , , , , , </td>
<td></td>
<td>1</td>
<td>com.testing.runner.WEBdataDriven@a1217f9</td></tr>
<tr>
<td title='com.testing.runner.WEBdataDriven.f()'><b>f</b><br>Test class: com.testing.runner.WEBdataDriven<br>Parameters: 27, , 选中, click, //md-checkbox[@aria-label='Select Row']/div[1], , , , , , </td>
<td></td>
<td>1</td>
<td>com.testing.runner.WEBdataDriven@a1217f9</td></tr>
<tr>
<td title='com.testing.runner.WEBdataDriven.f()'><b>f</b><br>Test class: com.testing.runner.WEBdataDriven<br>Parameters: 28, , 提交, click, //*[@class='layout-row']/descendant::span[contains(text(),'添加')], , , , , , </td>
<td></td>
<td>1</td>
<td>com.testing.runner.WEBdataDriven@a1217f9</td></tr>
<tr>
<td title='com.testing.runner.WEBdataDriven.f()'><b>f</b><br>Test class: com.testing.runner.WEBdataDriven<br>Parameters: 29, , 发布, runJsClick, //*[contains(text(),'{新增产品名字useRandom}')]/../descendant::md-icon[@aria-label='发布']/.., , , , , , </td>
<td></td>
<td>1</td>
<td>com.testing.runner.WEBdataDriven@a1217f9</td></tr>
<tr>
<td title='com.testing.runner.WEBdataDriven.f()'><b>f</b><br>Test class: com.testing.runner.WEBdataDriven<br>Parameters: 30, , 是, runJsClick, //*[contains(text(),'是')], , , , , , </td>
<td></td>
<td>1</td>
<td>com.testing.runner.WEBdataDriven@a1217f9</td></tr>
<tr>
<td title='com.testing.runner.WEBdataDriven.f()'><b>f</b><br>Test class: com.testing.runner.WEBdataDriven<br>Parameters: 31, , 等待1秒, halt, 1, , , , , , </td>
<td></td>
<td>1</td>
<td>com.testing.runner.WEBdataDriven@a1217f9</td></tr>
<tr>
<td title='com.testing.runner.WEBdataDriven.f()'><b>f</b><br>Test class: com.testing.runner.WEBdataDriven<br>Parameters: 32, , 取消发布, runJsClick, //*[contains(text(),'{新增产品名字useRandom}')]/../descendant::md-icon[@aria-label='发布']/.., , , , , , </td>
<td></td>
<td>1</td>
<td>com.testing.runner.WEBdataDriven@a1217f9</td></tr>
<tr>
<td title='com.testing.runner.WEBdataDriven.f()'><b>f</b><br>Test class: com.testing.runner.WEBdataDriven<br>Parameters: 33, , 是, runJsClick, //*[contains(text(),'是')], , , , , , </td>
<td></td>
<td>1</td>
<td>com.testing.runner.WEBdataDriven@a1217f9</td></tr>
<tr>
<td title='com.testing.runner.WEBdataDriven.f()'><b>f</b><br>Test class: com.testing.runner.WEBdataDriven<br>Parameters: 34, , 删除, runJsClick, //*[contains(text(),'{新增产品名字useRandom}')]/../descendant::md-icon[@aria-label='删除']/.., , , , , , </td>
<td></td>
<td>1</td>
<td>com.testing.runner.WEBdataDriven@a1217f9</td></tr>
<tr>
<td title='com.testing.runner.WEBdataDriven.f()'><b>f</b><br>Test class: com.testing.runner.WEBdataDriven<br>Parameters: 35, , 是, runJsClick, //*[contains(text(),'是')], , , , , , </td>
<td></td>
<td>1</td>
<td>com.testing.runner.WEBdataDriven@a1217f9</td></tr>
<tr>
<td title='com.testing.runner.WEBdataDriven.f()'><b>f</b><br>Test class: com.testing.runner.WEBdataDriven<br>Parameters: 36, , 等待1秒, halt, 1, , , , , , </td>
<td></td>
<td>1</td>
<td>com.testing.runner.WEBdataDriven@a1217f9</td></tr>
<tr>
<td title='com.testing.runner.WEBdataDriven.f()'><b>f</b><br>Test class: com.testing.runner.WEBdataDriven<br>Parameters: 37, , 关闭浏览器, closeBrowser, , , , , , , </td>
<td></td>
<td>1</td>
<td>com.testing.runner.WEBdataDriven@a1217f9</td></tr>
<tr>
<td title='com.testing.runner.WEBdataDriven2.f()'><b>f</b><br>Test class: com.testing.runner.WEBdataDriven2<br>Parameters: 1, , 打开浏览器, openBrowser, chrome, , , , , , </td>
<td></td>
<td>4</td>
<td>com.testing.runner.WEBdataDriven2@3bde62ff</td></tr>
<tr>
<td title='com.testing.runner.WEBdataDriven2.f()'><b>f</b><br>Test class: com.testing.runner.WEBdataDriven2<br>Parameters: 2, , 访问basic, visitWeb, http://test-cc.chintcloud.net/, , , , , , </td>
<td></td>
<td>2</td>
<td>com.testing.runner.WEBdataDriven2@3bde62ff</td></tr>
<tr>
<td title='com.testing.runner.WEBdataDriven2.f()'><b>f</b><br>Test class: com.testing.runner.WEBdataDriven2<br>Parameters: 3, , 输入用户名, input, //input[@id='username-input'], sysadmin@chint.com, , , , , </td>
<td></td>
<td>1</td>
<td>com.testing.runner.WEBdataDriven2@3bde62ff</td></tr>
<tr>
<td title='com.testing.runner.WEBdataDriven2.f()'><b>f</b><br>Test class: com.testing.runner.WEBdataDriven2<br>Parameters: 4, , 输入密码, input, //input[@id='password-input'], sysadmin, , , , , </td>
<td></td>
<td>1</td>
<td>com.testing.runner.WEBdataDriven2@3bde62ff</td></tr>
<tr>
<td title='com.testing.runner.WEBdataDriven2.f()'><b>f</b><br>Test class: com.testing.runner.WEBdataDriven2<br>Parameters: 5, , 管理员登陆, click, //*[@class='md-raised md-button md-tb-dark-theme md-ink-ripple'], , , , , , </td>
<td></td>
<td>1</td>
<td>com.testing.runner.WEBdataDriven2@3bde62ff</td></tr>
<tr>
<td title='com.testing.runner.WEBdataDriven2.f()'><b>f</b><br>Test class: com.testing.runner.WEBdataDriven2<br>Parameters: 7, , 等待3秒, halt, 3, , , , , , </td>
<td></td>
<td>3</td>
<td>com.testing.runner.WEBdataDriven2@3bde62ff</td></tr>
<tr>
<td title='com.testing.runner.WEBdataDriven2.f()'><b>f</b><br>Test class: com.testing.runner.WEBdataDriven2<br>Parameters: 8, , 关闭浏览器, closeBrowser, , , , , , , </td>
<td></td>
<td>1</td>
<td>com.testing.runner.WEBdataDriven2@3bde62ff</td></tr>
<tr>
<td title='com.testing.runner.WEBdataDriven3.f()'><b>f</b><br>Test class: com.testing.runner.WEBdataDriven3<br>Parameters: 1, , 打开浏览器, openBrowser, chrome, , , , , , </td>
<td></td>
<td>3</td>
<td>com.testing.runner.WEBdataDriven3@523424b5</td></tr>
<tr>
<td title='com.testing.runner.WEBdataDriven3.f()'><b>f</b><br>Test class: com.testing.runner.WEBdataDriven3<br>Parameters: 2, , 访问basic, visitWeb, http://test-cc.chintcloud.net/, , , , , , </td>
<td></td>
<td>2</td>
<td>com.testing.runner.WEBdataDriven3@523424b5</td></tr>
<tr>
<td title='com.testing.runner.WEBdataDriven3.f()'><b>f</b><br>Test class: com.testing.runner.WEBdataDriven3<br>Parameters: 3, , 输入用户名, input, //input[@id='username-input'], common-api@chint.com, , , , , </td>
<td></td>
<td>1</td>
<td>com.testing.runner.WEBdataDriven3@523424b5</td></tr>
<tr>
<td title='com.testing.runner.WEBdataDriven3.f()'><b>f</b><br>Test class: com.testing.runner.WEBdataDriven3<br>Parameters: 4, , 输入密码, input, //input[@id='password-input'], common-api, , , , , </td>
<td></td>
<td>1</td>
<td>com.testing.runner.WEBdataDriven3@523424b5</td></tr>
<tr>
<td title='com.testing.runner.WEBdataDriven3.f()'><b>f</b><br>Test class: com.testing.runner.WEBdataDriven3<br>Parameters: 5, , 登陆, click, //*[@class='md-raised md-button md-tb-dark-theme md-ink-ripple'], , , , , , </td>
<td></td>
<td>1</td>
<td>com.testing.runner.WEBdataDriven3@523424b5</td></tr>
<tr>
<td title='com.testing.runner.WEBdataDriven3.f()'><b>f</b><br>Test class: com.testing.runner.WEBdataDriven3<br>Parameters: 6, , 点击设备, click, //*[@section='section']/descendant::span[contains(text(),'设备')], , , , , , </td>
<td></td>
<td>1</td>
<td>com.testing.runner.WEBdataDriven3@523424b5</td></tr>
<tr>
<td title='com.testing.runner.WEBdataDriven3.f()'><b>f</b><br>Test class: com.testing.runner.WEBdataDriven3<br>Parameters: 7, , 点击新增设备, click, //*[@aria-haspopup='true']/button, , , , , , </td>
<td></td>
<td>1</td>
<td>com.testing.runner.WEBdataDriven3@523424b5</td></tr>
<tr>
<td title='com.testing.runner.WEBdataDriven3.f()'><b>f</b><br>Test class: com.testing.runner.WEBdataDriven3<br>Parameters: 8, , 创建新的设备, runJsClick, //ng-md-icon[@icon='insert_drive_file'], , , , , , </td>
<td></td>
<td>1</td>
<td>com.testing.runner.WEBdataDriven3@523424b5</td></tr>
<tr>
<td title='com.testing.runner.WEBdataDriven3.f()'><b>f</b><br>Test class: com.testing.runner.WEBdataDriven3<br>Parameters: 9, , 输入设备名称, input, //*[@name='name' and @style=''], 新增直连设备寂寞, , , , , </td>
<td></td>
<td>1</td>
<td>com.testing.runner.WEBdataDriven3@523424b5</td></tr>
<tr>
<td title='com.testing.runner.WEBdataDriven3.f()'><b>f</b><br>Test class: com.testing.runner.WEBdataDriven3<br>Parameters: 10, , 点击, click, //*[@aria-label='所属产品'], , , , , , </td>
<td></td>
<td>1</td>
<td>com.testing.runner.WEBdataDriven3@523424b5</td></tr>
<tr>
<td title='com.testing.runner.WEBdataDriven3.f()'><b>f</b><br>Test class: com.testing.runner.WEBdataDriven3<br>Parameters: 11, , 输入产品, inputCyclic, //*[@aria-label='所属产品'], 我_一型一密_直连非ss, , , , , </td>
<td></td>
<td>1</td>
<td>com.testing.runner.WEBdataDriven3@523424b5</td></tr>
<tr>
<td title='com.testing.runner.WEBdataDriven3.f()'><b>f</b><br>Test class: com.testing.runner.WEBdataDriven3<br>Parameters: 12, , 键盘DOWN, pressDown, //*[@aria-label='所属产品'], , , , , , </td>
<td></td>
<td>1</td>
<td>com.testing.runner.WEBdataDriven3@523424b5</td></tr>
<tr>
<td title='com.testing.runner.WEBdataDriven3.f()'><b>f</b><br>Test class: com.testing.runner.WEBdataDriven3<br>Parameters: 13, , 键盘ENTER, pressEnter, //*[@aria-label='所属产品'], , , , , , </td>
<td></td>
<td>1</td>
<td>com.testing.runner.WEBdataDriven3@523424b5</td></tr>
<tr>
<td title='com.testing.runner.WEBdataDriven3.f()'><b>f</b><br>Test class: com.testing.runner.WEBdataDriven3<br>Parameters: 14, , 输入设备sn, input, //*[@name='sn' and @ng-model='device.sn' and @style=''], SN33665542121, , , , , </td>
<td></td>
<td>1</td>
<td>com.testing.runner.WEBdataDriven3@523424b5</td></tr>
<tr>
<td title='com.testing.runner.WEBdataDriven3.f()'><b>f</b><br>Test class: com.testing.runner.WEBdataDriven3<br>Parameters: 15, , 输入描述, input, //*[@name='description' and @rows='2'], 测试描述字段#￥%……&*（）, , , , , </td>
<td></td>
<td>1</td>
<td>com.testing.runner.WEBdataDriven3@523424b5</td></tr>
<tr>
<td title='com.testing.runner.WEBdataDriven3.f()'><b>f</b><br>Test class: com.testing.runner.WEBdataDriven3<br>Parameters: 16, , 点击添加, click, //span[contains(text(),'添加')]/parent::button[@type='submit'], , , , , , </td>
<td></td>
<td>1</td>
<td>com.testing.runner.WEBdataDriven3@523424b5</td></tr>
<tr>
<td title='com.testing.runner.WEBdataDriven3.f()'><b>f</b><br>Test class: com.testing.runner.WEBdataDriven3<br>Parameters: 21, , 点击提交, click, //*[@type='submit'], , , , , , </td>
<td></td>
<td>1</td>
<td>com.testing.runner.WEBdataDriven3@523424b5</td></tr>
<tr>
<td title='com.testing.runner.WEBdataDriven3.f()'><b>f</b><br>Test class: com.testing.runner.WEBdataDriven3<br>Parameters: 24, , 断言删除成功, assertInvisibility, //*[contains(text(),'新增直连设备寂寞')], , , , , , </td>
<td></td>
<td>10</td>
<td>com.testing.runner.WEBdataDriven3@523424b5</td></tr>
<tr>
<td title='com.testing.runner.WEBdataDriven3.f()'><b>f</b><br>Test class: com.testing.runner.WEBdataDriven3<br>Parameters: 25, , 关闭浏览器, closeBrowser, , , , , , , </td>
<td></td>
<td>1</td>
<td>com.testing.runner.WEBdataDriven3@523424b5</td></tr>
</table><p>
</body>
</html>