<?xml version="1.0" encoding="UTF-8"?>
<!-- Generated by org.testng.reporters.JUnitXMLReporter -->
<testsuite hostname="duankj-book" ignored="0" name="Test" tests="70" failures="7" timestamp="12 四月 2020 23:31:18 GMT" time="317.503" errors="0">
  <testcase name="f" time="5.058" classname="com.testing.runner.WEBdataDriven"/>
  <testcase name="f" time="2.735" classname="com.testing.runner.WEBdataDriven"/>
  <testcase name="f" time="1.17" classname="com.testing.runner.WEBdataDriven"/>
  <testcase name="f" time="1.119" classname="com.testing.runner.WEBdataDriven"/>
  <testcase name="f" time="1.09" classname="com.testing.runner.WEBdataDriven"/>
  <testcase name="f" time="1.556" classname="com.testing.runner.WEBdataDriven"/>
  <testcase name="f" time="1.085" classname="com.testing.runner.WEBdataDriven"/>
  <testcase name="f" time="1.145" classname="com.testing.runner.WEBdataDriven"/>
  <testcase name="f" time="1.161" classname="com.testing.runner.WEBdataDriven"/>
  <testcase name="f" time="1.132" classname="com.testing.runner.WEBdataDriven"/>
  <testcase name="f" time="1.095" classname="com.testing.runner.WEBdataDriven"/>
  <testcase name="f" time="1.172" classname="com.testing.runner.WEBdataDriven"/>
  <testcase name="f" time="1.026" classname="com.testing.runner.WEBdataDriven"/>
  <testcase name="f" time="1.082" classname="com.testing.runner.WEBdataDriven"/>
  <testcase name="f" time="1.086" classname="com.testing.runner.WEBdataDriven"/>
  <testcase name="f" time="1.08" classname="com.testing.runner.WEBdataDriven"/>
  <testcase name="f" time="1.082" classname="com.testing.runner.WEBdataDriven"/>
  <testcase name="f" time="1.093" classname="com.testing.runner.WEBdataDriven"/>
  <testcase name="f" time="1.097" classname="com.testing.runner.WEBdataDriven"/>
  <testcase name="f" time="1.092" classname="com.testing.runner.WEBdataDriven"/>
  <testcase name="f" time="1.001" classname="com.testing.runner.WEBdataDriven"/>
  <testcase name="f" time="1.097" classname="com.testing.runner.WEBdataDriven"/>
  <testcase name="f" time="1.252" classname="com.testing.runner.WEBdataDriven"/>
  <testcase name="f" time="1.11" classname="com.testing.runner.WEBdataDriven"/>
  <testcase name="f" time="1.062" classname="com.testing.runner.WEBdataDriven"/>
  <testcase name="f" time="1.133" classname="com.testing.runner.WEBdataDriven"/>
  <testcase name="f" time="1.085" classname="com.testing.runner.WEBdataDriven"/>
  <testcase name="f" time="1.11" classname="com.testing.runner.WEBdataDriven"/>
  <testcase name="f" time="1.033" classname="com.testing.runner.WEBdataDriven"/>
  <testcase name="f" time="1.022" classname="com.testing.runner.WEBdataDriven"/>
  <testcase name="f" time="1.001" classname="com.testing.runner.WEBdataDriven"/>
  <testcase name="f" time="1.026" classname="com.testing.runner.WEBdataDriven"/>
  <testcase name="f" time="1.019" classname="com.testing.runner.WEBdataDriven"/>
  <testcase name="f" time="1.032" classname="com.testing.runner.WEBdataDriven"/>
  <testcase name="f" time="1.017" classname="com.testing.runner.WEBdataDriven"/>
  <testcase name="f" time="1.001" classname="com.testing.runner.WEBdataDriven"/>
  <testcase name="f" time="1.072" classname="com.testing.runner.WEBdataDriven"/>
  <testcase name="f" time="4.116" classname="com.testing.runner.WEBdataDriven2"/>
  <testcase name="f" time="2.484" classname="com.testing.runner.WEBdataDriven2"/>
  <testcase name="f" time="1.149" classname="com.testing.runner.WEBdataDriven2"/>
  <testcase name="f" time="1.107" classname="com.testing.runner.WEBdataDriven2"/>
  <testcase name="f" time="1.078" classname="com.testing.runner.WEBdataDriven2"/>
  <testcase name="f" time="31.446" classname="com.testing.runner.WEBdataDriven2">
    <failure type="java.lang.AssertionError" message="expected [pass] but found [fail]">
      <![CDATA[java.lang.AssertionError: expected [pass] but found [fail]
at com.testing.runner.WEBdataDriven2.f(WEBdataDriven2.java:43)
... Removed 35 stack frames]]>
    </failure>
  </testcase> <!-- f -->
  <testcase name="f" time="3.002" classname="com.testing.runner.WEBdataDriven2"/>
  <testcase name="f" time="1.07" classname="com.testing.runner.WEBdataDriven2"/>
  <testcase name="f" time="3.982" classname="com.testing.runner.WEBdataDriven3"/>
  <testcase name="f" time="2.5" classname="com.testing.runner.WEBdataDriven3"/>
  <testcase name="f" time="1.152" classname="com.testing.runner.WEBdataDriven3"/>
  <testcase name="f" time="1.119" classname="com.testing.runner.WEBdataDriven3"/>
  <testcase name="f" time="1.08" classname="com.testing.runner.WEBdataDriven3"/>
  <testcase name="f" time="1.959" classname="com.testing.runner.WEBdataDriven3"/>
  <testcase name="f" time="1.518" classname="com.testing.runner.WEBdataDriven3"/>
  <testcase name="f" time="1.143" classname="com.testing.runner.WEBdataDriven3"/>
  <testcase name="f" time="1.212" classname="com.testing.runner.WEBdataDriven3"/>
  <testcase name="f" time="1.229" classname="com.testing.runner.WEBdataDriven3"/>
  <testcase name="f" time="1.885" classname="com.testing.runner.WEBdataDriven3"/>
  <testcase name="f" time="1.052" classname="com.testing.runner.WEBdataDriven3"/>
  <testcase name="f" time="1.099" classname="com.testing.runner.WEBdataDriven3"/>
  <testcase name="f" time="1.302" classname="com.testing.runner.WEBdataDriven3"/>
  <testcase name="f" time="1.337" classname="com.testing.runner.WEBdataDriven3"/>
  <testcase name="f" time="1.202" classname="com.testing.runner.WEBdataDriven3"/>
  <testcase name="f" time="31.451" classname="com.testing.runner.WEBdataDriven3">
    <failure type="java.lang.AssertionError" message="expected [pass] but found [fail]">
      <![CDATA[java.lang.AssertionError: expected [pass] but found [fail]
at com.testing.runner.WEBdataDriven3.f(WEBdataDriven3.java:43)
... Removed 34 stack frames]]>
    </failure>
  </testcase> <!-- f -->
  <testcase name="f" time="31.448" classname="com.testing.runner.WEBdataDriven3">
    <failure type="java.lang.AssertionError" message="expected [pass] but found [fail]">
      <![CDATA[java.lang.AssertionError: expected [pass] but found [fail]
at com.testing.runner.WEBdataDriven3.f(WEBdataDriven3.java:43)
... Removed 34 stack frames]]>
    </failure>
  </testcase> <!-- f -->
  <testcase name="f" time="31.411" classname="com.testing.runner.WEBdataDriven3">
    <failure type="java.lang.AssertionError" message="expected [pass] but found [fail]">
      <![CDATA[java.lang.AssertionError: expected [pass] but found [fail]
at com.testing.runner.WEBdataDriven3.f(WEBdataDriven3.java:43)
... Removed 34 stack frames]]>
    </failure>
  </testcase> <!-- f -->
  <testcase name="f" time="31.366" classname="com.testing.runner.WEBdataDriven3">
    <failure type="java.lang.AssertionError" message="expected [pass] but found [fail]">
      <![CDATA[java.lang.AssertionError: expected [pass] but found [fail]
at com.testing.runner.WEBdataDriven3.f(WEBdataDriven3.java:43)
... Removed 34 stack frames]]>
    </failure>
  </testcase> <!-- f -->
  <testcase name="f" time="1.223" classname="com.testing.runner.WEBdataDriven3"/>
  <testcase name="f" time="31.438" classname="com.testing.runner.WEBdataDriven3">
    <failure type="java.lang.AssertionError" message="expected [pass] but found [fail]">
      <![CDATA[java.lang.AssertionError: expected [pass] but found [fail]
at com.testing.runner.WEBdataDriven3.f(WEBdataDriven3.java:43)
... Removed 34 stack frames]]>
    </failure>
  </testcase> <!-- f -->
  <testcase name="f" time="31.421" classname="com.testing.runner.WEBdataDriven3">
    <failure type="java.lang.AssertionError" message="expected [pass] but found [fail]">
      <![CDATA[java.lang.AssertionError: expected [pass] but found [fail]
at com.testing.runner.WEBdataDriven3.f(WEBdataDriven3.java:43)
... Removed 34 stack frames]]>
    </failure>
  </testcase> <!-- f -->
  <testcase name="f" time="10.028" classname="com.testing.runner.WEBdataDriven3"/>
  <testcase name="f" time="1.072" classname="com.testing.runner.WEBdataDriven3"/>
</testsuite> <!-- Test -->
